<?xml version="1.0" encoding="UTF-8"?>
<Site BuildName="(empty)"
	BuildStamp="20250319-0028-Experimental"
	Name="(empty)"
	Generator="ctest-3.28.3"
	CompilerName=""
	CompilerVersion=""
	OSName="Linux"
	Hostname="nathan-HP-Laptop-14-dq2xxx"
	OSRelease="6.8.0-47-generic"
	OSVersion="#47-Ubuntu SMP PREEMPT_DYNAMIC Fri Sep 27 21:40:26 UTC 2024"
	OSPlatform="x86_64"
	Is64Bits="1"
	VendorString="GenuineIntel"
	VendorID="Intel Corporation"
	FamilyID="6"
	ModelID="140"
	ProcessorCacheSize="6144"
	NumberOfLogicalCPU="4"
	NumberOfPhysicalCPU="2"
	TotalVirtualMemory="4271"
	TotalPhysicalMemory="3560"
	LogicalProcessorsPerPhysical="2"
	ProcessorClockFrequency="3683.82"
	>
	<Testing>
		<StartDateTime>Mar 19 16:03 CDT</StartDateTime>
		<StartTestTime>1742418188</StartTestTime>
		<TestList/>
		<EndDateTime>Mar 19 16:03 CDT</EndDateTime>
		<EndTestTime>1742418188</EndTestTime>
		<ElapsedMinutes>0</ElapsedMinutes>
	</Testing>
</Site>
